INFO:  latexindent version 3.23.4, 2023-11-19, a script to indent .tex files
       latexindent lives here: /Users/toyama/.local/share/nvim/mason/packages/latexindent/
       Tue Apr 16 09:55:17 2024
       Filename: /Users/toyama/src/github.com/happy663/dicomo-2024/camera/3/__latexindent_temp_ble-fingerprint.tex
INFO:  Processing switches:
       -c|--cruft: cruft directory
INFO:  Directory for backup files and /Users/toyama/src/github.com/happy663/dicomo-2024/camera//indent.log:
       /Users/toyama/src/github.com/happy663/dicomo-2024/camera/
INFO:  YAML settings read: defaultSettings.yaml
       Reading defaultSettings.yaml from /Users/toyama/.local/share/nvim/mason/packages/latexindent/defaultSettings.yaml
       Reading defaultSettings.yaml (2nd attempt) from /Users/toyama/.local/share/nvim/mason/packages/latexindent/../../texmf-dist/scripts/latexindent/defaultSettings.yaml
       and then, if necessary, /Users/toyama/.local/share/nvim/mason/packages/latexindent/LatexIndent/defaultSettings.yaml
INFO:  YAML reading settings
       The config file in "/Users/toyama/.indentconfig.yaml" will be read
WARN:  The paths field cannot be read from /Users/toyama/.indentconfig.yaml; this means it is either empty or contains invalid YAML
       See https://latexindentpl.readthedocs.io/en/latest/sec-indent-config-and-settings.html for an example
INFO:  Phase 1: searching for objects
INFO:  Phase 2: finding surrounding indentation
INFO:  Phase 3: indenting objects
INFO:  Phase 4: final indentation check
INFO:  Output routine:
       Not outputting to file; see -w and -o switches for more options.
       --------------
INFO:  Please direct all communication/issues to:
        https://github.com/cmhughes/latexindent.pl
